2026-03-25T11:10:42.166-05:00  INFO 70534 --- [restartedMain] c.z.o.OrderProcessingApplication         : Starting OrderProcessingApplication using Java 21.0.10 with PID 70534 (/Users/zainmorshed/Desktop/GhostDrive/order-processing/target/classes started by zainmorshed in /Users/zainmorshed/Desktop/GhostDrive/order-processing)
2026-03-25T11:10:42.185-05:00 DEBUG 70534 --- [restartedMain] c.z.o.OrderProcessingApplication         : Running with Spring Boot v4.0.4, Spring v7.0.6
2026-03-25T11:10:42.186-05:00  INFO 70534 --- [restartedMain] c.z.o.OrderProcessingApplication         : No active profile set, falling back to 1 default profile: "default"
2026-03-25T11:10:42.402-05:00  INFO 70534 --- [restartedMain] o.s.boot.tomcat.TomcatWebServer          : Tomcat initialized with port 8080 (http)
2026-03-25T11:10:42.404-05:00  INFO 70534 --- [restartedMain] o.apache.catalina.core.StandardService   : Starting service [Tomcat]
2026-03-25T11:10:42.404-05:00  INFO 70534 --- [restartedMain] o.apache.catalina.core.StandardEngine    : Starting Servlet engine: [Apache Tomcat/11.0.18]
2026-03-25T11:10:42.415-05:00  INFO 70534 --- [restartedMain] b.w.c.s.WebApplicationContextInitializer : Root WebApplicationContext: initialization completed in 202 ms
2026-03-25T11:10:42.486-05:00  INFO 70534 --- [restartedMain] o.s.boot.tomcat.TomcatWebServer          : Tomcat started on port 8080 (http) with context path '/'
2026-03-25T11:10:42.489-05:00  INFO 70534 --- [restartedMain] c.z.o.OrderProcessingApplication         : Started OrderProcessingApplication in 0.447 seconds (process running for 3704.312)
2026-03-25T11:10:42.491-05:00  INFO 70534 --- [restartedMain] .s.b.a.l.ConditionEvaluationReportLogger : 

Error starting ApplicationContext. To display the condition evaluation report re-run your application with 'debug' enabled.
2026-03-25T11:10:42.495-05:00 ERROR 70534 --- [restartedMain] o.s.boot.SpringApplication               : Application run failed

java.lang.Error: Unresolved compilation problems: 
	The constructor Order(String, LocalDateTime, ArrayList<Item>, PaymentMethod, String, Address, Status, String) refers to the missing type Status
	The method getOrderStatus() from the type Order refers to the missing type Status

	at com.zain.ordersystem.OrderProcessingApplication.run(OrderProcessingApplication.java:42) ~[classes/:na]
	at org.springframework.boot.SpringApplication.lambda$callRunner$1(SpringApplication.java:792) ~[spring-boot-4.0.4.jar:4.0.4]
	at org.springframework.util.function.ThrowingConsumer$1.acceptWithException(ThrowingConsumer.java:82) ~[spring-core-7.0.6.jar:7.0.6]
	at org.springframework.util.function.ThrowingConsumer.accept(ThrowingConsumer.java:60) ~[spring-core-7.0.6.jar:7.0.6]
	at org.springframework.util.function.ThrowingConsumer$1.accept(ThrowingConsumer.java:86) ~[spring-core-7.0.6.jar:7.0.6]
	at org.springframework.boot.SpringApplication.callRunner(SpringApplication.java:800) ~[spring-boot-4.0.4.jar:4.0.4]
	at org.springframework.boot.SpringApplication.callRunner(SpringApplication.java:791) ~[spring-boot-4.0.4.jar:4.0.4]
	at org.springframework.boot.SpringApplication.lambda$callRunners$0(SpringApplication.java:776) ~[spring-boot-4.0.4.jar:4.0.4]
	at java.base/java.util.stream.ForEachOps$ForEachOp$OfRef.accept(Unknown Source) ~[na:na]
	at java.base/java.util.stream.SortedOps$SizedRefSortingSink.end(Unknown Source) ~[na:na]
	at java.base/java.util.stream.AbstractPipeline.copyInto(Unknown Source) ~[na:na]
	at java.base/java.util.stream.AbstractPipeline.wrapAndCopyInto(Unknown Source) ~[na:na]
	at java.base/java.util.stream.ForEachOps$ForEachOp.evaluateSequential(Unknown Source) ~[na:na]
	at java.base/java.util.stream.ForEachOps$ForEachOp$OfRef.evaluateSequential(Unknown Source) ~[na:na]
	at java.base/java.util.stream.AbstractPipeline.evaluate(Unknown Source) ~[na:na]
	at java.base/java.util.stream.ReferencePipeline.forEach(Unknown Source) ~[na:na]
	at org.springframework.boot.SpringApplication.callRunners(SpringApplication.java:776) ~[spring-boot-4.0.4.jar:4.0.4]
	at org.springframework.boot.SpringApplication.run(SpringApplication.java:328) ~[spring-boot-4.0.4.jar:4.0.4]
	at org.springframework.boot.SpringApplication.run(SpringApplication.java:1365) ~[spring-boot-4.0.4.jar:4.0.4]
	at org.springframework.boot.SpringApplication.run(SpringApplication.java:1354) ~[spring-boot-4.0.4.jar:4.0.4]
	at com.zain.ordersystem.OrderProcessingApplication.main(OrderProcessingApplication.java:23) ~[classes/:na]
	at java.base/jdk.internal.reflect.DirectMethodHandleAccessor.invoke(Unknown Source) ~[na:na]
	at java.base/java.lang.reflect.Method.invoke(Unknown Source) ~[na:na]
	at org.springframework.boot.devtools.restart.RestartLauncher.run(RestartLauncher.java:52) ~[spring-boot-devtools-4.0.4.jar:4.0.4]

2026-03-25T11:10:42.497-05:00  INFO 70534 --- [restartedMain] o.s.boot.tomcat.GracefulShutdown         : Commencing graceful shutdown. Waiting for active requests to complete
2026-03-25T11:10:42.500-05:00  INFO 70534 --- [tomcat-shutdown] o.s.boot.tomcat.GracefulShutdown         : Graceful shutdown complete
2026-03-25T11:14:06.260-05:00  INFO 70534 --- [restartedMain] c.z.o.OrderProcessingApplication         : Starting OrderProcessingApplication using Java 21.0.10 with PID 70534 (/Users/zainmorshed/Desktop/GhostDrive/order-processing/target/classes started by zainmorshed in /Users/zainmorshed/Desktop/GhostDrive/order-processing)
2026-03-25T11:14:06.261-05:00 DEBUG 70534 --- [restartedMain] c.z.o.OrderProcessingApplication         : Running with Spring Boot v4.0.4, Spring v7.0.6
2026-03-25T11:14:06.262-05:00  INFO 70534 --- [restartedMain] c.z.o.OrderProcessingApplication         : No active profile set, falling back to 1 default profile: "default"
2026-03-25T11:14:06.427-05:00  INFO 70534 --- [restartedMain] o.s.boot.tomcat.TomcatWebServer          : Tomcat initialized with port 8080 (http)
2026-03-25T11:14:06.428-05:00  INFO 70534 --- [restartedMain] o.apache.catalina.core.StandardService   : Starting service [Tomcat]
2026-03-25T11:14:06.429-05:00  INFO 70534 --- [restartedMain] o.apache.catalina.core.StandardEngine    : Starting Servlet engine: [Apache Tomcat/11.0.18]
2026-03-25T11:14:06.439-05:00  INFO 70534 --- [restartedMain] b.w.c.s.WebApplicationContextInitializer : Root WebApplicationContext: initialization completed in 172 ms
2026-03-25T11:14:06.504-05:00  INFO 70534 --- [restartedMain] o.s.boot.tomcat.TomcatWebServer          : Tomcat started on port 8080 (http) with context path '/'
2026-03-25T11:14:06.506-05:00  INFO 70534 --- [restartedMain] c.z.o.OrderProcessingApplication         : Started OrderProcessingApplication in 0.313 seconds (process running for 3908.332)
2026-03-25T11:14:06.507-05:00  INFO 70534 --- [restartedMain] .s.b.a.l.ConditionEvaluationReportLogger : 

Error starting ApplicationContext. To display the condition evaluation report re-run your application with 'debug' enabled.
2026-03-25T11:14:06.510-05:00 ERROR 70534 --- [restartedMain] o.s.boot.SpringApplication               : Application run failed

java.lang.Error: Unresolved compilation problems: 
	The constructor Order(String, LocalDateTime, ArrayList<Item>, PaymentMethod, String, Address, Status, String) refers to the missing type Status
	The method getOrderStatus() from the type Order refers to the missing type Status

	at com.zain.ordersystem.OrderProcessingApplication.run(OrderProcessingApplication.java:42) ~[classes/:na]
	at org.springframework.boot.SpringApplication.lambda$callRunner$1(SpringApplication.java:792) ~[spring-boot-4.0.4.jar:4.0.4]
	at org.springframework.util.function.ThrowingConsumer$1.acceptWithException(ThrowingConsumer.java:82) ~[spring-core-7.0.6.jar:7.0.6]
	at org.springframework.util.function.ThrowingConsumer.accept(ThrowingConsumer.java:60) ~[spring-core-7.0.6.jar:7.0.6]
	at org.springframework.util.function.ThrowingConsumer$1.accept(ThrowingConsumer.java:86) ~[spring-core-7.0.6.jar:7.0.6]
	at org.springframework.boot.SpringApplication.callRunner(SpringApplication.java:800) ~[spring-boot-4.0.4.jar:4.0.4]
	at org.springframework.boot.SpringApplication.callRunner(SpringApplication.java:791) ~[spring-boot-4.0.4.jar:4.0.4]
	at org.springframework.boot.SpringApplication.lambda$callRunners$0(SpringApplication.java:776) ~[spring-boot-4.0.4.jar:4.0.4]
	at java.base/java.util.stream.ForEachOps$ForEachOp$OfRef.accept(Unknown Source) ~[na:na]
	at java.base/java.util.stream.SortedOps$SizedRefSortingSink.end(Unknown Source) ~[na:na]
	at java.base/java.util.stream.AbstractPipeline.copyInto(Unknown Source) ~[na:na]
	at java.base/java.util.stream.AbstractPipeline.wrapAndCopyInto(Unknown Source) ~[na:na]
	at java.base/java.util.stream.ForEachOps$ForEachOp.evaluateSequential(Unknown Source) ~[na:na]
	at java.base/java.util.stream.ForEachOps$ForEachOp$OfRef.evaluateSequential(Unknown Source) ~[na:na]
	at java.base/java.util.stream.AbstractPipeline.evaluate(Unknown Source) ~[na:na]
	at java.base/java.util.stream.ReferencePipeline.forEach(Unknown Source) ~[na:na]
	at org.springframework.boot.SpringApplication.callRunners(SpringApplication.java:776) ~[spring-boot-4.0.4.jar:4.0.4]
	at org.springframework.boot.SpringApplication.run(SpringApplication.java:328) ~[spring-boot-4.0.4.jar:4.0.4]
	at org.springframework.boot.SpringApplication.run(SpringApplication.java:1365) ~[spring-boot-4.0.4.jar:4.0.4]
	at org.springframework.boot.SpringApplication.run(SpringApplication.java:1354) ~[spring-boot-4.0.4.jar:4.0.4]
	at com.zain.ordersystem.OrderProcessingApplication.main(OrderProcessingApplication.java:23) ~[classes/:na]
	at java.base/jdk.internal.reflect.DirectMethodHandleAccessor.invoke(Unknown Source) ~[na:na]
	at java.base/java.lang.reflect.Method.invoke(Unknown Source) ~[na:na]
	at org.springframework.boot.devtools.restart.RestartLauncher.run(RestartLauncher.java:52) ~[spring-boot-devtools-4.0.4.jar:4.0.4]

2026-03-25T11:14:06.513-05:00  INFO 70534 --- [restartedMain] o.s.boot.tomcat.GracefulShutdown         : Commencing graceful shutdown. Waiting for active requests to complete
2026-03-25T11:14:06.515-05:00  INFO 70534 --- [tomcat-shutdown] o.s.boot.tomcat.GracefulShutdown         : Graceful shutdown complete
2026-03-25T11:18:34.714-05:00  INFO 70534 --- [restartedMain] c.z.o.OrderProcessingApplication         : Starting OrderProcessingApplication using Java 21.0.10 with PID 70534 (/Users/zainmorshed/Desktop/GhostDrive/order-processing/target/classes started by zainmorshed in /Users/zainmorshed/Desktop/GhostDrive/order-processing)
2026-03-25T11:18:34.715-05:00 DEBUG 70534 --- [restartedMain] c.z.o.OrderProcessingApplication         : Running with Spring Boot v4.0.4, Spring v7.0.6
2026-03-25T11:18:34.716-05:00  INFO 70534 --- [restartedMain] c.z.o.OrderProcessingApplication         : No active profile set, falling back to 1 default profile: "default"
2026-03-25T11:18:34.930-05:00  INFO 70534 --- [restartedMain] o.s.boot.tomcat.TomcatWebServer          : Tomcat initialized with port 8080 (http)
2026-03-25T11:18:34.932-05:00  INFO 70534 --- [restartedMain] o.apache.catalina.core.StandardService   : Starting service [Tomcat]
2026-03-25T11:18:34.932-05:00  INFO 70534 --- [restartedMain] o.apache.catalina.core.StandardEngine    : Starting Servlet engine: [Apache Tomcat/11.0.18]
2026-03-25T11:18:34.946-05:00  INFO 70534 --- [restartedMain] b.w.c.s.WebApplicationContextInitializer : Root WebApplicationContext: initialization completed in 222 ms
2026-03-25T11:18:34.972-05:00  WARN 70534 --- [restartedMain] ConfigServletWebServerApplicationContext : Exception encountered during context initialization - cancelling refresh attempt: org.springframework.beans.factory.UnsatisfiedDependencyException: Error creating bean with name 'orderProcessingApplication': Unsatisfied dependency expressed through field 'orderProcessor': Error creating bean with name 'orderProcessor' defined in file [/Users/zainmorshed/Desktop/GhostDrive/order-processing/target/classes/com/zain/ordersystem/OrderProcessor.class]: Unsatisfied dependency expressed through constructor parameter 2: No qualifying bean of type 'com.zain.ordersystem.FulfillmentStrategy' available: expected at least 1 bean which qualifies as autowire candidate. Dependency annotations: {@org.springframework.beans.factory.annotation.Qualifier("shippingFulfillament")}
2026-03-25T11:18:34.973-05:00  INFO 70534 --- [restartedMain] o.apache.catalina.core.StandardService   : Stopping service [Tomcat]
2026-03-25T11:18:34.980-05:00  INFO 70534 --- [restartedMain] .s.b.a.l.ConditionEvaluationReportLogger : 

Error starting ApplicationContext. To display the condition evaluation report re-run your application with 'debug' enabled.
2026-03-25T11:18:34.991-05:00 ERROR 70534 --- [restartedMain] o.s.b.d.LoggingFailureAnalysisReporter   : 

***************************
APPLICATION FAILED TO START
***************************

Description:

Parameter 2 of constructor in com.zain.ordersystem.OrderProcessor required a bean of type 'com.zain.ordersystem.FulfillmentStrategy' that could not be found.

The injection point has the following annotations:
	- @org.springframework.beans.factory.annotation.Autowired(required=true)

The following candidates were found but could not be injected:
	- User-defined bean
	- User-defined bean


Action:

Consider revisiting the entries above or defining a bean of type 'com.zain.ordersystem.FulfillmentStrategy' in your configuration.

2026-03-25T11:19:11.845-05:00  INFO 70534 --- [restartedMain] c.z.o.OrderProcessingApplication         : Starting OrderProcessingApplication using Java 21.0.10 with PID 70534 (/Users/zainmorshed/Desktop/GhostDrive/order-processing/target/classes started by zainmorshed in /Users/zainmorshed/Desktop/GhostDrive/order-processing)
2026-03-25T11:19:11.846-05:00 DEBUG 70534 --- [restartedMain] c.z.o.OrderProcessingApplication         : Running with Spring Boot v4.0.4, Spring v7.0.6
2026-03-25T11:19:11.846-05:00  INFO 70534 --- [restartedMain] c.z.o.OrderProcessingApplication         : No active profile set, falling back to 1 default profile: "default"
2026-03-25T11:19:11.974-05:00  INFO 70534 --- [restartedMain] o.s.boot.tomcat.TomcatWebServer          : Tomcat initialized with port 8080 (http)
2026-03-25T11:19:11.977-05:00  INFO 70534 --- [restartedMain] o.apache.catalina.core.StandardService   : Starting service [Tomcat]
2026-03-25T11:19:11.977-05:00  INFO 70534 --- [restartedMain] o.apache.catalina.core.StandardEngine    : Starting Servlet engine: [Apache Tomcat/11.0.18]
2026-03-25T11:19:11.989-05:00  INFO 70534 --- [restartedMain] b.w.c.s.WebApplicationContextInitializer : Root WebApplicationContext: initialization completed in 141 ms
2026-03-25T11:19:12.010-05:00  WARN 70534 --- [restartedMain] ConfigServletWebServerApplicationContext : Exception encountered during context initialization - cancelling refresh attempt: org.springframework.beans.factory.UnsatisfiedDependencyException: Error creating bean with name 'orderProcessingApplication': Unsatisfied dependency expressed through field 'orderProcessor': Error creating bean with name 'orderProcessor' defined in file [/Users/zainmorshed/Desktop/GhostDrive/order-processing/target/classes/com/zain/ordersystem/OrderProcessor.class]: Unsatisfied dependency expressed through constructor parameter 2: No qualifying bean of type 'com.zain.ordersystem.FulfillmentStrategy' available: expected at least 1 bean which qualifies as autowire candidate. Dependency annotations: {@org.springframework.beans.factory.annotation.Qualifier("shippingFulfillament")}
2026-03-25T11:19:12.011-05:00  INFO 70534 --- [restartedMain] o.apache.catalina.core.StandardService   : Stopping service [Tomcat]
2026-03-25T11:19:12.014-05:00  INFO 70534 --- [restartedMain] .s.b.a.l.ConditionEvaluationReportLogger : 

Error starting ApplicationContext. To display the condition evaluation report re-run your application with 'debug' enabled.
2026-03-25T11:19:12.020-05:00 ERROR 70534 --- [restartedMain] o.s.b.d.LoggingFailureAnalysisReporter   : 

***************************
APPLICATION FAILED TO START
***************************

Description:

Parameter 2 of constructor in com.zain.ordersystem.OrderProcessor required a bean of type 'com.zain.ordersystem.FulfillmentStrategy' that could not be found.

The injection point has the following annotations:
	- @org.springframework.beans.factory.annotation.Autowired(required=true)

The following candidates were found but could not be injected:
	- User-defined bean
	- User-defined bean


Action:

Consider revisiting the entries above or defining a bean of type 'com.zain.ordersystem.FulfillmentStrategy' in your configuration.

2026-03-25T11:19:15.556-05:00  INFO 70534 --- [restartedMain] c.z.o.OrderProcessingApplication         : Starting OrderProcessingApplication using Java 21.0.10 with PID 70534 (/Users/zainmorshed/Desktop/GhostDrive/order-processing/target/classes started by zainmorshed in /Users/zainmorshed/Desktop/GhostDrive/order-processing)
2026-03-25T11:19:15.556-05:00 DEBUG 70534 --- [restartedMain] c.z.o.OrderProcessingApplication         : Running with Spring Boot v4.0.4, Spring v7.0.6
2026-03-25T11:19:15.557-05:00  INFO 70534 --- [restartedMain] c.z.o.OrderProcessingApplication         : No active profile set, falling back to 1 default profile: "default"
2026-03-25T11:19:15.690-05:00  INFO 70534 --- [restartedMain] o.s.boot.tomcat.TomcatWebServer          : Tomcat initialized with port 8080 (http)
2026-03-25T11:19:15.691-05:00  INFO 70534 --- [restartedMain] o.apache.catalina.core.StandardService   : Starting service [Tomcat]
2026-03-25T11:19:15.691-05:00  INFO 70534 --- [restartedMain] o.apache.catalina.core.StandardEngine    : Starting Servlet engine: [Apache Tomcat/11.0.18]
2026-03-25T11:19:15.702-05:00  INFO 70534 --- [restartedMain] b.w.c.s.WebApplicationContextInitializer : Root WebApplicationContext: initialization completed in 143 ms
2026-03-25T11:19:15.715-05:00  WARN 70534 --- [restartedMain] ConfigServletWebServerApplicationContext : Exception encountered during context initialization - cancelling refresh attempt: org.springframework.beans.factory.UnsatisfiedDependencyException: Error creating bean with name 'orderProcessingApplication': Unsatisfied dependency expressed through field 'orderProcessor': Error creating bean with name 'orderProcessor' defined in file [/Users/zainmorshed/Desktop/GhostDrive/order-processing/target/classes/com/zain/ordersystem/OrderProcessor.class]: Unsatisfied dependency expressed through constructor parameter 2: No qualifying bean of type 'com.zain.ordersystem.FulfillmentStrategy' available: expected at least 1 bean which qualifies as autowire candidate. Dependency annotations: {@org.springframework.beans.factory.annotation.Qualifier("shippingFulfillament")}
2026-03-25T11:19:15.716-05:00  INFO 70534 --- [restartedMain] o.apache.catalina.core.StandardService   : Stopping service [Tomcat]
2026-03-25T11:19:15.718-05:00  INFO 70534 --- [restartedMain] .s.b.a.l.ConditionEvaluationReportLogger : 

Error starting ApplicationContext. To display the condition evaluation report re-run your application with 'debug' enabled.
2026-03-25T11:19:15.720-05:00 ERROR 70534 --- [restartedMain] o.s.b.d.LoggingFailureAnalysisReporter   : 

***************************
APPLICATION FAILED TO START
***************************

Description:

Parameter 2 of constructor in com.zain.ordersystem.OrderProcessor required a bean of type 'com.zain.ordersystem.FulfillmentStrategy' that could not be found.

The injection point has the following annotations:
	- @org.springframework.beans.factory.annotation.Autowired(required=true)

The following candidates were found but could not be injected:
	- User-defined bean
	- User-defined bean


Action:

Consider revisiting the entries above or defining a bean of type 'com.zain.ordersystem.FulfillmentStrategy' in your configuration.

2026-03-25T11:19:17.567-05:00  INFO 83621 --- [restartedMain] c.z.o.OrderProcessingApplication         : Starting OrderProcessingApplication using Java 21.0.10 with PID 83621 (/Users/zainmorshed/Desktop/GhostDrive/order-processing/target/classes started by zainmorshed in /Users/zainmorshed/Desktop/GhostDrive/order-processing)
2026-03-25T11:19:17.570-05:00 DEBUG 83621 --- [restartedMain] c.z.o.OrderProcessingApplication         : Running with Spring Boot v4.0.4, Spring v7.0.6
2026-03-25T11:19:17.570-05:00  INFO 83621 --- [restartedMain] c.z.o.OrderProcessingApplication         : No active profile set, falling back to 1 default profile: "default"
2026-03-25T11:19:17.644-05:00  INFO 83621 --- [restartedMain] .e.DevToolsPropertyDefaultsPostProcessor : Devtools property defaults active! Set 'spring.devtools.add-properties' to 'false' to disable
2026-03-25T11:19:17.647-05:00  INFO 83621 --- [restartedMain] .e.DevToolsPropertyDefaultsPostProcessor : For additional web related logging consider setting the 'logging.level.web' property to 'DEBUG'
2026-03-25T11:19:18.622-05:00  INFO 83621 --- [restartedMain] o.s.boot.tomcat.TomcatWebServer          : Tomcat initialized with port 8080 (http)
2026-03-25T11:19:18.641-05:00  INFO 83621 --- [restartedMain] o.apache.catalina.core.StandardService   : Starting service [Tomcat]
2026-03-25T11:19:18.641-05:00  INFO 83621 --- [restartedMain] o.apache.catalina.core.StandardEngine    : Starting Servlet engine: [Apache Tomcat/11.0.18]
2026-03-25T11:19:18.677-05:00  INFO 83621 --- [restartedMain] b.w.c.s.WebApplicationContextInitializer : Root WebApplicationContext: initialization completed in 1028 ms
2026-03-25T11:19:18.754-05:00  WARN 83621 --- [restartedMain] ConfigServletWebServerApplicationContext : Exception encountered during context initialization - cancelling refresh attempt: org.springframework.beans.factory.UnsatisfiedDependencyException: Error creating bean with name 'orderProcessingApplication': Unsatisfied dependency expressed through field 'orderProcessor': Error creating bean with name 'orderProcessor' defined in file [/Users/zainmorshed/Desktop/GhostDrive/order-processing/target/classes/com/zain/ordersystem/OrderProcessor.class]: Unsatisfied dependency expressed through constructor parameter 2: No qualifying bean of type 'com.zain.ordersystem.FulfillmentStrategy' available: expected at least 1 bean which qualifies as autowire candidate. Dependency annotations: {@org.springframework.beans.factory.annotation.Qualifier("shippingFulfillament")}
2026-03-25T11:19:18.756-05:00  INFO 83621 --- [restartedMain] o.apache.catalina.core.StandardService   : Stopping service [Tomcat]
2026-03-25T11:19:18.773-05:00  INFO 83621 --- [restartedMain] .s.b.a.l.ConditionEvaluationReportLogger : 

Error starting ApplicationContext. To display the condition evaluation report re-run your application with 'debug' enabled.
2026-03-25T11:19:18.791-05:00 ERROR 83621 --- [restartedMain] o.s.b.d.LoggingFailureAnalysisReporter   : 

***************************
APPLICATION FAILED TO START
***************************

Description:

Parameter 2 of constructor in com.zain.ordersystem.OrderProcessor required a bean of type 'com.zain.ordersystem.FulfillmentStrategy' that could not be found.

The injection point has the following annotations:
	- @org.springframework.beans.factory.annotation.Autowired(required=true)

The following candidates were found but could not be injected:
	- User-defined bean
	- User-defined bean


Action:

Consider revisiting the entries above or defining a bean of type 'com.zain.ordersystem.FulfillmentStrategy' in your configuration.

2026-03-25T11:23:43.304-05:00  INFO 84587 --- [main] c.z.o.OrderProcessingApplicationTests    : Starting OrderProcessingApplicationTests using Java 24.0.1 with PID 84587 (started by zainmorshed in /Users/zainmorshed/Desktop/GhostDrive/order-processing)
2026-03-25T11:23:43.306-05:00 DEBUG 84587 --- [main] c.z.o.OrderProcessingApplicationTests    : Running with Spring Boot v4.0.4, Spring v7.0.6
2026-03-25T11:23:43.307-05:00  INFO 84587 --- [main] c.z.o.OrderProcessingApplicationTests    : No active profile set, falling back to 1 default profile: "default"
2026-03-25T11:23:44.105-05:00  WARN 84587 --- [main] o.s.w.c.s.GenericWebApplicationContext   : Exception encountered during context initialization - cancelling refresh attempt: org.springframework.beans.factory.UnsatisfiedDependencyException: Error creating bean with name 'orderProcessingApplication': Unsatisfied dependency expressed through field 'orderProcessor': Error creating bean with name 'orderProcessor' defined in file [/Users/zainmorshed/Desktop/GhostDrive/order-processing/target/classes/com/zain/ordersystem/OrderProcessor.class]: Unsatisfied dependency expressed through constructor parameter 2: No qualifying bean of type 'com.zain.ordersystem.FulfillmentStrategy' available: expected at least 1 bean which qualifies as autowire candidate. Dependency annotations: {@org.springframework.beans.factory.annotation.Qualifier("shippingFulfillament")}
2026-03-25T11:23:44.116-05:00  INFO 84587 --- [main] .s.b.a.l.ConditionEvaluationReportLogger : 

Error starting ApplicationContext. To display the condition evaluation report re-run your application with 'debug' enabled.
2026-03-25T11:23:44.134-05:00 ERROR 84587 --- [main] o.s.b.d.LoggingFailureAnalysisReporter   : 

***************************
APPLICATION FAILED TO START
***************************

Description:

Parameter 2 of constructor in com.zain.ordersystem.OrderProcessor required a bean of type 'com.zain.ordersystem.FulfillmentStrategy' that could not be found.

The injection point has the following annotations:
	- @org.springframework.beans.factory.annotation.Autowired(required=true)

The following candidates were found but could not be injected:
	- User-defined bean
	- User-defined bean


Action:

Consider revisiting the entries above or defining a bean of type 'com.zain.ordersystem.FulfillmentStrategy' in your configuration.

2026-03-25T11:23:44.136-05:00  WARN 84587 --- [main] o.s.test.context.TestContextManager      : Caught exception while allowing TestExecutionListener [org.springframework.test.context.web.ServletTestExecutionListener] to prepare test instance [com.zain.ordersystem.OrderProcessingApplicationTests@52ae997b]

java.lang.IllegalStateException: Failed to load ApplicationContext for [WebMergedContextConfiguration@79476a4e testClass = com.zain.ordersystem.OrderProcessingApplicationTests, locations = [], classes = [com.zain.ordersystem.OrderProcessingApplication], contextInitializerClasses = [], activeProfiles = [], propertySourceDescriptors = [], propertySourceProperties = ["org.springframework.boot.test.context.SpringBootTestContextBootstrapper=true"], contextCustomizers = [org.springframework.boot.test.context.PropertyMappingContextCustomizer@0, org.springframework.boot.test.context.filter.ExcludeFilterContextCustomizer@53812a9b, org.springframework.boot.test.json.DuplicateJsonObjectContextCustomizerFactory$DuplicateJsonObjectContextCustomizer@a8e6492, org.springframework.boot.test.autoconfigure.OnFailureConditionReportContextCustomizerFactory$OnFailureConditionReportContextCustomizer@7b324585, org.springframework.test.context.support.DynamicPropertiesContextCustomizer@0, org.springframework.boot.webmvc.test.autoconfigure.WebDriverContextCustomizer@19fb8826, org.springframework.boot.web.server.context.SpringBootTestRandomPortContextCustomizer@62ea3440, org.springframework.boot.test.context.SpringBootTestAnnotation@1645bad1], resourceBasePath = "src/main/webapp", contextLoader = org.springframework.boot.test.context.SpringBootContextLoader, parent = null]
	at org.springframework.test.context.cache.DefaultCacheAwareContextLoaderDelegate.lambda$loadContext$0(DefaultCacheAwareContextLoaderDelegate.java:195) ~[spring-test-7.0.6.jar:7.0.6]
	at org.springframework.test.context.cache.DefaultContextCache.put(DefaultContextCache.java:214) ~[spring-test-7.0.6.jar:7.0.6]
	at org.springframework.test.context.cache.DefaultCacheAwareContextLoaderDelegate.loadContext(DefaultCacheAwareContextLoaderDelegate.java:160) ~[spring-test-7.0.6.jar:7.0.6]
	at org.springframework.test.context.support.DefaultTestContext.getApplicationContext(DefaultTestContext.java:128) ~[spring-test-7.0.6.jar:7.0.6]
	at org.springframework.test.context.web.ServletTestExecutionListener.setUpRequestContextIfNecessary(ServletTestExecutionListener.java:200) ~[spring-test-7.0.6.jar:7.0.6]
	at org.springframework.test.context.web.ServletTestExecutionListener.prepareTestInstance(ServletTestExecutionListener.java:139) ~[spring-test-7.0.6.jar:7.0.6]
	at org.springframework.test.context.TestContextManager.prepareTestInstance(TestContextManager.java:260) ~[spring-test-7.0.6.jar:7.0.6]
	at org.springframework.test.context.junit.jupiter.SpringExtension.postProcessTestInstance(SpringExtension.java:210) ~[spring-test-7.0.6.jar:7.0.6]
	at org.junit.jupiter.engine.descriptor.ClassBasedTestDescriptor.lambda$invokeTestInstancePostProcessors$1(ClassBasedTestDescriptor.java:423) ~[junit-jupiter-engine-6.0.3.jar:6.0.3]
	at org.junit.jupiter.engine.descriptor.ClassBasedTestDescriptor.executeAndMaskThrowable(ClassBasedTestDescriptor.java:428) ~[junit-jupiter-engine-6.0.3.jar:6.0.3]
	at org.junit.jupiter.engine.descriptor.ClassBasedTestDescriptor.lambda$invokeTestInstancePostProcessors$0(ClassBasedTestDescriptor.java:422) ~[junit-jupiter-engine-6.0.3.jar:6.0.3]
	at java.base/java.util.stream.ForEachOps$ForEachOp$OfRef.accept(ForEachOps.java:186) ~[na:na]
	at java.base/java.util.stream.ReferencePipeline$3$1.accept(ReferencePipeline.java:215) ~[na:na]
	at java.base/java.util.stream.ReferencePipeline$2$1.accept(ReferencePipeline.java:197) ~[na:na]
	at java.base/java.util.stream.ReferencePipeline$3$1.accept(ReferencePipeline.java:215) ~[na:na]
	at java.base/java.util.ArrayList$ArrayListSpliterator.forEachRemaining(ArrayList.java:1716) ~[na:na]
	at java.base/java.util.stream.AbstractPipeline.copyInto(AbstractPipeline.java:570) ~[na:na]
	at java.base/java.util.stream.AbstractPipeline.wrapAndCopyInto(AbstractPipeline.java:560) ~[na:na]
	at java.base/java.util.stream.ForEachOps$ForEachOp.evaluateSequential(ForEachOps.java:153) ~[na:na]
	at java.base/java.util.stream.ForEachOps$ForEachOp$OfRef.evaluateSequential(ForEachOps.java:176) ~[na:na]
	at java.base/java.util.stream.AbstractPipeline.evaluate(AbstractPipeline.java:265) ~[na:na]
	at java.base/java.util.stream.ReferencePipeline.forEach(ReferencePipeline.java:636) ~[na:na]
	at org.junit.jupiter.engine.descriptor.ClassBasedTestDescriptor.invokeTestInstancePostProcessors(ClassBasedTestDescriptor.java:422) ~[junit-jupiter-engine-6.0.3.jar:6.0.3]
	at org.junit.jupiter.engine.descriptor.ClassBasedTestDescriptor.lambda$instantiateAndPostProcessTestInstance$0(ClassBasedTestDescriptor.java:334) ~[junit-jupiter-engine-6.0.3.jar:6.0.3]
	at org.junit.platform.engine.support.hierarchical.ThrowableCollector.execute(ThrowableCollector.java:74) ~[junit-platform-engine-6.0.3.jar:6.0.3]
	at org.junit.jupiter.engine.descriptor.ClassBasedTestDescriptor.instantiateAndPostProcessTestInstance(ClassBasedTestDescriptor.java:333) ~[junit-jupiter-engine-6.0.3.jar:6.0.3]
	at org.junit.jupiter.engine.descriptor.ClassBasedTestDescriptor.lambda$testInstancesProvider$1(ClassBasedTestDescriptor.java:322) ~[junit-jupiter-engine-6.0.3.jar:6.0.3]
	at java.base/java.util.Optional.orElseGet(Optional.java:364) ~[na:na]
	at org.junit.jupiter.engine.descriptor.ClassBasedTestDescriptor.lambda$testInstancesProvider$0(ClassBasedTestDescriptor.java:321) ~[junit-jupiter-engine-6.0.3.jar:6.0.3]
	at org.junit.jupiter.engine.execution.TestInstancesProvider.getTestInstances(TestInstancesProvider.java:27) ~[junit-jupiter-engine-6.0.3.jar:6.0.3]
	at org.junit.jupiter.engine.descriptor.TestMethodTestDescriptor.lambda$prepare$0(TestMethodTestDescriptor.java:127) ~[junit-jupiter-engine-6.0.3.jar:6.0.3]
	at org.junit.platform.engine.support.hierarchical.ThrowableCollector.execute(ThrowableCollector.java:74) ~[junit-platform-engine-6.0.3.jar:6.0.3]
	at org.junit.jupiter.engine.descriptor.TestMethodTestDescriptor.prepare(TestMethodTestDescriptor.java:126) ~[junit-jupiter-engine-6.0.3.jar:6.0.3]
	at org.junit.jupiter.engine.descriptor.TestMethodTestDescriptor.prepare(TestMethodTestDescriptor.java:70) ~[junit-jupiter-engine-6.0.3.jar:6.0.3]
	at org.junit.platform.engine.support.hierarchical.NodeTestTask.lambda$prepare$0(NodeTestTask.java:144) ~[junit-platform-engine-6.0.3.jar:6.0.3]
	at org.junit.platform.engine.support.hierarchical.ThrowableCollector.execute(ThrowableCollector.java:74) ~[junit-platform-engine-6.0.3.jar:6.0.3]
	at org.junit.platform.engine.support.hierarchical.NodeTestTask.prepare(NodeTestTask.java:144) ~[junit-platform-engine-6.0.3.jar:6.0.3]
	at org.junit.platform.engine.support.hierarchical.NodeTestTask.execute(NodeTestTask.java:110) ~[junit-platform-engine-6.0.3.jar:6.0.3]
	at java.base/java.util.ArrayList.forEach(ArrayList.java:1604) ~[na:na]
	at org.junit.platform.engine.support.hierarchical.SameThreadHierarchicalTestExecutorService.invokeAll(SameThreadHierarchicalTestExecutorService.java:42) ~[junit-platform-engine-6.0.3.jar:6.0.3]
	at org.junit.platform.engine.support.hierarchical.NodeTestTask.lambda$executeRecursively$2(NodeTestTask.java:180) ~[junit-platform-engine-6.0.3.jar:6.0.3]
	at org.junit.platform.engine.support.hierarchical.ThrowableCollector.execute(ThrowableCollector.java:74) ~[junit-platform-engine-6.0.3.jar:6.0.3]
	at org.junit.platform.engine.support.hierarchical.NodeTestTask.lambda$executeRecursively$1(NodeTestTask.java:166) ~[junit-platform-engine-6.0.3.jar:6.0.3]
	at org.junit.platform.engine.support.hierarchical.Node.around(Node.java:138) ~[junit-platform-engine-6.0.3.jar:6.0.3]
	at org.junit.platform.engine.support.hierarchical.NodeTestTask.lambda$executeRecursively$0(NodeTestTask.java:164) ~[junit-platform-engine-6.0.3.jar:6.0.3]
	at org.junit.platform.engine.support.hierarchical.ThrowableCollector.execute(ThrowableCollector.java:74) ~[junit-platform-engine-6.0.3.jar:6.0.3]
	at org.junit.platform.engine.support.hierarchical.NodeTestTask.executeRecursively(NodeTestTask.java:163) ~[junit-platform-engine-6.0.3.jar:6.0.3]
	at org.junit.platform.engine.support.hierarchical.NodeTestTask.execute(NodeTestTask.java:116) ~[junit-platform-engine-6.0.3.jar:6.0.3]
	at java.base/java.util.ArrayList.forEach(ArrayList.java:1604) ~[na:na]
	at org.junit.platform.engine.support.hierarchical.SameThreadHierarchicalTestExecutorService.invokeAll(SameThreadHierarchicalTestExecutorService.java:42) ~[junit-platform-engine-6.0.3.jar:6.0.3]
	at org.junit.platform.engine.support.hierarchical.NodeTestTask.lambda$executeRecursively$2(NodeTestTask.java:180) ~[junit-platform-engine-6.0.3.jar:6.0.3]
	at org.junit.platform.engine.support.hierarchical.ThrowableCollector.execute(ThrowableCollector.java:74) ~[junit-platform-engine-6.0.3.jar:6.0.3]
	at org.junit.platform.engine.support.hierarchical.NodeTestTask.lambda$executeRecursively$1(NodeTestTask.java:166) ~[junit-platform-engine-6.0.3.jar:6.0.3]
	at org.junit.platform.engine.support.hierarchical.Node.around(Node.java:138) ~[junit-platform-engine-6.0.3.jar:6.0.3]
	at org.junit.platform.engine.support.hierarchical.NodeTestTask.lambda$executeRecursively$0(NodeTestTask.java:164) ~[junit-platform-engine-6.0.3.jar:6.0.3]
	at org.junit.platform.engine.support.hierarchical.ThrowableCollector.execute(ThrowableCollector.java:74) ~[junit-platform-engine-6.0.3.jar:6.0.3]
	at org.junit.platform.engine.support.hierarchical.NodeTestTask.executeRecursively(NodeTestTask.java:163) ~[junit-platform-engine-6.0.3.jar:6.0.3]
	at org.junit.platform.engine.support.hierarchical.NodeTestTask.execute(NodeTestTask.java:116) ~[junit-platform-engine-6.0.3.jar:6.0.3]
	at org.junit.platform.engine.support.hierarchical.SameThreadHierarchicalTestExecutorService.submit(SameThreadHierarchicalTestExecutorService.java:36) ~[junit-platform-engine-6.0.3.jar:6.0.3]
	at org.junit.platform.engine.support.hierarchical.HierarchicalTestExecutor.execute(HierarchicalTestExecutor.java:52) ~[junit-platform-engine-6.0.3.jar:6.0.3]
	at org.junit.platform.engine.support.hierarchical.HierarchicalTestEngine.execute(HierarchicalTestEngine.java:58) ~[junit-platform-engine-6.0.3.jar:6.0.3]
	at org.junit.platform.launcher.core.EngineExecutionOrchestrator.executeEngine(EngineExecutionOrchestrator.java:246) ~[junit-platform-launcher-6.0.3.jar:6.0.3]
	at org.junit.platform.launcher.core.EngineExecutionOrchestrator.failOrExecuteEngine(EngineExecutionOrchestrator.java:218) ~[junit-platform-launcher-6.0.3.jar:6.0.3]
	at org.junit.platform.launcher.core.EngineExecutionOrchestrator.execute(EngineExecutionOrchestrator.java:179) ~[junit-platform-launcher-6.0.3.jar:6.0.3]
	at org.junit.platform.launcher.core.EngineExecutionOrchestrator.execute(EngineExecutionOrchestrator.java:108) ~[junit-platform-launcher-6.0.3.jar:6.0.3]
	at org.junit.platform.launcher.core.EngineExecutionOrchestrator.lambda$execute$0(EngineExecutionOrchestrator.java:66) ~[junit-platform-launcher-6.0.3.jar:6.0.3]
	at org.junit.platform.launcher.core.EngineExecutionOrchestrator.withInterceptedStreams(EngineExecutionOrchestrator.java:157) ~[junit-platform-launcher-6.0.3.jar:6.0.3]
	at org.junit.platform.launcher.core.EngineExecutionOrchestrator.execute(EngineExecutionOrchestrator.java:65) ~[junit-platform-launcher-6.0.3.jar:6.0.3]
	at org.junit.platform.launcher.core.DefaultLauncher.execute(DefaultLauncher.java:125) ~[junit-platform-launcher-6.0.3.jar:6.0.3]
	at org.junit.platform.launcher.core.DefaultLauncher.execute(DefaultLauncher.java:114) ~[junit-platform-launcher-6.0.3.jar:6.0.3]
	at org.junit.platform.launcher.core.DelegatingLauncher.execute(DelegatingLauncher.java:58) ~[junit-platform-launcher-6.0.3.jar:6.0.3]
	at org.junit.platform.launcher.core.InterceptingLauncher.lambda$execute$2(InterceptingLauncher.java:57) ~[junit-platform-launcher-6.0.3.jar:6.0.3]
	at org.junit.platform.launcher.core.ClasspathAlignmentCheckingLauncherInterceptor.intercept(ClasspathAlignmentCheckingLauncherInterceptor.java:25) ~[junit-platform-launcher-6.0.3.jar:6.0.3]
	at org.junit.platform.launcher.core.InterceptingLauncher.execute(InterceptingLauncher.java:56) ~[junit-platform-launcher-6.0.3.jar:6.0.3]
	at org.junit.platform.launcher.core.DelegatingLauncher.execute(DelegatingLauncher.java:58) ~[junit-platform-launcher-6.0.3.jar:6.0.3]
	at java.base/jdk.internal.reflect.DirectMethodHandleAccessor.invoke(DirectMethodHandleAccessor.java:104) ~[na:na]
	at java.base/java.lang.reflect.Method.invoke(Method.java:565) ~[na:na]
	at org.apache.maven.surefire.api.util.ReflectionUtils.invokeMethodWithArray(ReflectionUtils.java:125) ~[surefire-api-3.5.5.jar:3.5.5]
	at org.apache.maven.surefire.junitplatform.LauncherAdapter.executeWithCancellationToken(LauncherAdapter.java:68) ~[surefire-junit-platform-3.5.5.jar:3.5.5]
	at org.apache.maven.surefire.junitplatform.LauncherAdapter.execute(LauncherAdapter.java:54) ~[surefire-junit-platform-3.5.5.jar:3.5.5]
	at org.apache.maven.surefire.junitplatform.JUnitPlatformProvider.execute(JUnitPlatformProvider.java:203) ~[surefire-junit-platform-3.5.5.jar:3.5.5]
	at org.apache.maven.surefire.junitplatform.JUnitPlatformProvider.invokeAllTests(JUnitPlatformProvider.java:168) ~[surefire-junit-platform-3.5.5.jar:3.5.5]
	at org.apache.maven.surefire.junitplatform.JUnitPlatformProvider.invoke(JUnitPlatformProvider.java:136) ~[surefire-junit-platform-3.5.5.jar:3.5.5]
	at org.apache.maven.surefire.booter.ForkedBooter.runSuitesInProcess(ForkedBooter.java:385) ~[surefire-booter-3.5.5.jar:3.5.5]
	at org.apache.maven.surefire.booter.ForkedBooter.execute(ForkedBooter.java:162) ~[surefire-booter-3.5.5.jar:3.5.5]
	at org.apache.maven.surefire.booter.ForkedBooter.run(ForkedBooter.java:507) ~[surefire-booter-3.5.5.jar:3.5.5]
	at org.apache.maven.surefire.booter.ForkedBooter.main(ForkedBooter.java:495) ~[surefire-booter-3.5.5.jar:3.5.5]
Caused by: org.springframework.beans.factory.UnsatisfiedDependencyException: Error creating bean with name 'orderProcessingApplication': Unsatisfied dependency expressed through field 'orderProcessor': Error creating bean with name 'orderProcessor' defined in file [/Users/zainmorshed/Desktop/GhostDrive/order-processing/target/classes/com/zain/ordersystem/OrderProcessor.class]: Unsatisfied dependency expressed through constructor parameter 2: No qualifying bean of type 'com.zain.ordersystem.FulfillmentStrategy' available: expected at least 1 bean which qualifies as autowire candidate. Dependency annotations: {@org.springframework.beans.factory.annotation.Qualifier("shippingFulfillament")}
	at org.springframework.beans.factory.annotation.AutowiredAnnotationBeanPostProcessor$AutowiredFieldElement.resolveFieldValue(AutowiredAnnotationBeanPostProcessor.java:767) ~[spring-beans-7.0.6.jar:7.0.6]
	at org.springframework.beans.factory.annotation.AutowiredAnnotationBeanPostProcessor$AutowiredFieldElement.inject(AutowiredAnnotationBeanPostProcessor.java:748) ~[spring-beans-7.0.6.jar:7.0.6]
	at org.springframework.beans.factory.annotation.InjectionMetadata.inject(InjectionMetadata.java:146) ~[spring-beans-7.0.6.jar:7.0.6]
	at org.springframework.beans.factory.annotation.AutowiredAnnotationBeanPostProcessor.postProcessProperties(AutowiredAnnotationBeanPostProcessor.java:493) ~[spring-beans-7.0.6.jar:7.0.6]
	at org.springframework.beans.factory.support.AbstractAutowireCapableBeanFactory.populateBean(AbstractAutowireCapableBeanFactory.java:1446) ~[spring-beans-7.0.6.jar:7.0.6]
	at org.springframework.beans.factory.support.AbstractAutowireCapableBeanFactory.doCreateBean(AbstractAutowireCapableBeanFactory.java:602) ~[spring-beans-7.0.6.jar:7.0.6]
	at org.springframework.beans.factory.support.AbstractAutowireCapableBeanFactory.createBean(AbstractAutowireCapableBeanFactory.java:525) ~[spring-beans-7.0.6.jar:7.0.6]
	at org.springframework.beans.factory.support.AbstractBeanFactory.lambda$doGetBean$0(AbstractBeanFactory.java:333) ~[spring-beans-7.0.6.jar:7.0.6]
	at org.springframework.beans.factory.support.DefaultSingletonBeanRegistry.getSingleton(DefaultSingletonBeanRegistry.java:371) ~[spring-beans-7.0.6.jar:7.0.6]
	at org.springframework.beans.factory.support.AbstractBeanFactory.doGetBean(AbstractBeanFactory.java:331) ~[spring-beans-7.0.6.jar:7.0.6]
	at org.springframework.beans.factory.support.AbstractBeanFactory.getBean(AbstractBeanFactory.java:196) ~[spring-beans-7.0.6.jar:7.0.6]
	at org.springframework.beans.factory.support.DefaultListableBeanFactory.instantiateSingleton(DefaultListableBeanFactory.java:1218) ~[spring-beans-7.0.6.jar:7.0.6]
	at org.springframework.beans.factory.support.DefaultListableBeanFactory.preInstantiateSingleton(DefaultListableBeanFactory.java:1184) ~[spring-beans-7.0.6.jar:7.0.6]
	at org.springframework.beans.factory.support.DefaultListableBeanFactory.preInstantiateSingletons(DefaultListableBeanFactory.java:1121) ~[spring-beans-7.0.6.jar:7.0.6]
	at org.springframework.context.support.AbstractApplicationContext.finishBeanFactoryInitialization(AbstractApplicationContext.java:994) ~[spring-context-7.0.6.jar:7.0.6]
	at org.springframework.context.support.AbstractApplicationContext.refresh(AbstractApplicationContext.java:621) ~[spring-context-7.0.6.jar:7.0.6]
	at org.springframework.boot.SpringApplication.refresh(SpringApplication.java:756) ~[spring-boot-4.0.4.jar:4.0.4]
	at org.springframework.boot.SpringApplication.refreshContext(SpringApplication.java:445) ~[spring-boot-4.0.4.jar:4.0.4]
	at org.springframework.boot.SpringApplication.run(SpringApplication.java:321) ~[spring-boot-4.0.4.jar:4.0.4]
	at org.springframework.boot.test.context.SpringBootContextLoader.lambda$loadContext$2(SpringBootContextLoader.java:155) ~[spring-boot-test-4.0.4.jar:4.0.4]
	at org.springframework.util.function.ThrowingSupplier.get(ThrowingSupplier.java:58) ~[spring-core-7.0.6.jar:7.0.6]
	at org.springframework.util.function.ThrowingSupplier.get(ThrowingSupplier.java:46) ~[spring-core-7.0.6.jar:7.0.6]
	at org.springframework.boot.SpringApplication.withHook(SpringApplication.java:1465) ~[spring-boot-4.0.4.jar:4.0.4]
	at org.springframework.boot.test.context.SpringBootContextLoader$ContextLoaderHook.run(SpringBootContextLoader.java:600) ~[spring-boot-test-4.0.4.jar:4.0.4]
	at org.springframework.boot.test.context.SpringBootContextLoader.loadContext(SpringBootContextLoader.java:155) ~[spring-boot-test-4.0.4.jar:4.0.4]
	at org.springframework.boot.test.context.SpringBootContextLoader.loadContext(SpringBootContextLoader.java:114) ~[spring-boot-test-4.0.4.jar:4.0.4]
	at org.springframework.test.context.cache.DefaultCacheAwareContextLoaderDelegate.loadContextInternal(DefaultCacheAwareContextLoaderDelegate.java:247) ~[spring-test-7.0.6.jar:7.0.6]
	at org.springframework.test.context.cache.DefaultCacheAwareContextLoaderDelegate.lambda$loadContext$0(DefaultCacheAwareContextLoaderDelegate.java:167) ~[spring-test-7.0.6.jar:7.0.6]
	... 86 common frames omitted
Caused by: org.springframework.beans.factory.UnsatisfiedDependencyException: Error creating bean with name 'orderProcessor' defined in file [/Users/zainmorshed/Desktop/GhostDrive/order-processing/target/classes/com/zain/ordersystem/OrderProcessor.class]: Unsatisfied dependency expressed through constructor parameter 2: No qualifying bean of type 'com.zain.ordersystem.FulfillmentStrategy' available: expected at least 1 bean which qualifies as autowire candidate. Dependency annotations: {@org.springframework.beans.factory.annotation.Qualifier("shippingFulfillament")}
	at org.springframework.beans.factory.support.ConstructorResolver.createArgumentArray(ConstructorResolver.java:804) ~[spring-beans-7.0.6.jar:7.0.6]
	at org.springframework.beans.factory.support.ConstructorResolver.autowireConstructor(ConstructorResolver.java:240) ~[spring-beans-7.0.6.jar:7.0.6]
	at org.springframework.beans.factory.support.AbstractAutowireCapableBeanFactory.autowireConstructor(AbstractAutowireCapableBeanFactory.java:1382) ~[spring-beans-7.0.6.jar:7.0.6]
	at org.springframework.beans.factory.support.AbstractAutowireCapableBeanFactory.createBeanInstance(AbstractAutowireCapableBeanFactory.java:1221) ~[spring-beans-7.0.6.jar:7.0.6]
	at org.springframework.beans.factory.support.AbstractAutowireCapableBeanFactory.doCreateBean(AbstractAutowireCapableBeanFactory.java:565) ~[spring-beans-7.0.6.jar:7.0.6]
	at org.springframework.beans.factory.support.AbstractAutowireCapableBeanFactory.createBean(AbstractAutowireCapableBeanFactory.java:525) ~[spring-beans-7.0.6.jar:7.0.6]
	at org.springframework.beans.factory.support.AbstractBeanFactory.lambda$doGetBean$0(AbstractBeanFactory.java:333) ~[spring-beans-7.0.6.jar:7.0.6]
	at org.springframework.beans.factory.support.DefaultSingletonBeanRegistry.getSingleton(DefaultSingletonBeanRegistry.java:371) ~[spring-beans-7.0.6.jar:7.0.6]
	at org.springframework.beans.factory.support.AbstractBeanFactory.doGetBean(AbstractBeanFactory.java:331) ~[spring-beans-7.0.6.jar:7.0.6]
	at org.springframework.beans.factory.support.AbstractBeanFactory.getBean(AbstractBeanFactory.java:201) ~[spring-beans-7.0.6.jar:7.0.6]
	at org.springframework.beans.factory.support.DefaultListableBeanFactory.resolveBean(DefaultListableBeanFactory.java:1225) ~[spring-beans-7.0.6.jar:7.0.6]
	at org.springframework.beans.factory.support.DefaultListableBeanFactory.doResolveDependency(DefaultListableBeanFactory.java:1704) ~[spring-beans-7.0.6.jar:7.0.6]
	at org.springframework.beans.factory.support.DefaultListableBeanFactory.resolveDependency(DefaultListableBeanFactory.java:1651) ~[spring-beans-7.0.6.jar:7.0.6]
	at org.springframework.beans.factory.annotation.AutowiredAnnotationBeanPostProcessor$AutowiredFieldElement.resolveFieldValue(AutowiredAnnotationBeanPostProcessor.java:764) ~[spring-beans-7.0.6.jar:7.0.6]
	... 113 common frames omitted
Caused by: org.springframework.beans.factory.NoSuchBeanDefinitionException: No qualifying bean of type 'com.zain.ordersystem.FulfillmentStrategy' available: expected at least 1 bean which qualifies as autowire candidate. Dependency annotations: {@org.springframework.beans.factory.annotation.Qualifier("shippingFulfillament")}
	at org.springframework.beans.factory.support.DefaultListableBeanFactory.raiseNoMatchingBeanFound(DefaultListableBeanFactory.java:2297) ~[spring-beans-7.0.6.jar:7.0.6]
	at org.springframework.beans.factory.support.DefaultListableBeanFactory.doResolveDependency(DefaultListableBeanFactory.java:1725) ~[spring-beans-7.0.6.jar:7.0.6]
	at org.springframework.beans.factory.support.DefaultListableBeanFactory.resolveDependency(DefaultListableBeanFactory.java:1651) ~[spring-beans-7.0.6.jar:7.0.6]
	at org.springframework.beans.factory.support.ConstructorResolver.resolveAutowiredArgument(ConstructorResolver.java:912) ~[spring-beans-7.0.6.jar:7.0.6]
	at org.springframework.beans.factory.support.ConstructorResolver.createArgumentArray(ConstructorResolver.java:791) ~[spring-beans-7.0.6.jar:7.0.6]
	... 126 common frames omitted

2026-03-25T11:27:08.294-05:00  INFO 85599 --- [restartedMain] c.z.o.OrderProcessingApplication         : Starting OrderProcessingApplication using Java 21.0.10 with PID 85599 (/Users/zainmorshed/Desktop/GhostDrive/order-processing/target/classes started by zainmorshed in /Users/zainmorshed/Desktop/GhostDrive/order-processing)
2026-03-25T11:27:08.297-05:00 DEBUG 85599 --- [restartedMain] c.z.o.OrderProcessingApplication         : Running with Spring Boot v4.0.4, Spring v7.0.6
2026-03-25T11:27:08.298-05:00  INFO 85599 --- [restartedMain] c.z.o.OrderProcessingApplication         : No active profile set, falling back to 1 default profile: "default"
2026-03-25T11:27:08.366-05:00  INFO 85599 --- [restartedMain] .e.DevToolsPropertyDefaultsPostProcessor : Devtools property defaults active! Set 'spring.devtools.add-properties' to 'false' to disable
2026-03-25T11:27:08.366-05:00  INFO 85599 --- [restartedMain] .e.DevToolsPropertyDefaultsPostProcessor : For additional web related logging consider setting the 'logging.level.web' property to 'DEBUG'
2026-03-25T11:27:09.443-05:00  INFO 85599 --- [restartedMain] o.s.boot.tomcat.TomcatWebServer          : Tomcat initialized with port 8080 (http)
2026-03-25T11:27:09.461-05:00  INFO 85599 --- [restartedMain] o.apache.catalina.core.StandardService   : Starting service [Tomcat]
2026-03-25T11:27:09.461-05:00  INFO 85599 --- [restartedMain] o.apache.catalina.core.StandardEngine    : Starting Servlet engine: [Apache Tomcat/11.0.18]
2026-03-25T11:27:09.513-05:00  INFO 85599 --- [restartedMain] b.w.c.s.WebApplicationContextInitializer : Root WebApplicationContext: initialization completed in 1145 ms
2026-03-25T11:27:09.592-05:00  WARN 85599 --- [restartedMain] ConfigServletWebServerApplicationContext : Exception encountered during context initialization - cancelling refresh attempt: org.springframework.beans.factory.UnsatisfiedDependencyException: Error creating bean with name 'orderProcessingApplication': Unsatisfied dependency expressed through field 'orderProcessor': Error creating bean with name 'orderProcessor' defined in file [/Users/zainmorshed/Desktop/GhostDrive/order-processing/target/classes/com/zain/ordersystem/OrderProcessor.class]: Unsatisfied dependency expressed through constructor parameter 2: No qualifying bean of type 'com.zain.ordersystem.FulfillmentStrategy' available: expected at least 1 bean which qualifies as autowire candidate. Dependency annotations: {@org.springframework.beans.factory.annotation.Qualifier("shippingFulfillament")}
2026-03-25T11:27:09.594-05:00  INFO 85599 --- [restartedMain] o.apache.catalina.core.StandardService   : Stopping service [Tomcat]
2026-03-25T11:27:09.611-05:00  INFO 85599 --- [restartedMain] .s.b.a.l.ConditionEvaluationReportLogger : 

Error starting ApplicationContext. To display the condition evaluation report re-run your application with 'debug' enabled.
2026-03-25T11:27:09.633-05:00 ERROR 85599 --- [restartedMain] o.s.b.d.LoggingFailureAnalysisReporter   : 

***************************
APPLICATION FAILED TO START
***************************

Description:

Parameter 2 of constructor in com.zain.ordersystem.OrderProcessor required a bean of type 'com.zain.ordersystem.FulfillmentStrategy' that could not be found.

The injection point has the following annotations:
	- @org.springframework.beans.factory.annotation.Autowired(required=true)

The following candidates were found but could not be injected:
	- User-defined bean
	- User-defined bean


Action:

Consider revisiting the entries above or defining a bean of type 'com.zain.ordersystem.FulfillmentStrategy' in your configuration.

2026-03-25T11:29:29.333-05:00  INFO 86386 --- [restartedMain] c.z.o.OrderProcessingApplication         : Starting OrderProcessingApplication using Java 21.0.10 with PID 86386 (/Users/zainmorshed/Desktop/GhostDrive/order-processing/target/classes started by zainmorshed in /Users/zainmorshed/Desktop/GhostDrive/order-processing)
2026-03-25T11:29:29.336-05:00 DEBUG 86386 --- [restartedMain] c.z.o.OrderProcessingApplication         : Running with Spring Boot v4.0.4, Spring v7.0.6
2026-03-25T11:29:29.337-05:00  INFO 86386 --- [restartedMain] c.z.o.OrderProcessingApplication         : No active profile set, falling back to 1 default profile: "default"
2026-03-25T11:29:29.487-05:00  INFO 86386 --- [restartedMain] .e.DevToolsPropertyDefaultsPostProcessor : Devtools property defaults active! Set 'spring.devtools.add-properties' to 'false' to disable
2026-03-25T11:29:29.487-05:00  INFO 86386 --- [restartedMain] .e.DevToolsPropertyDefaultsPostProcessor : For additional web related logging consider setting the 'logging.level.web' property to 'DEBUG'
2026-03-25T11:29:30.382-05:00  INFO 86386 --- [restartedMain] o.s.boot.tomcat.TomcatWebServer          : Tomcat initialized with port 8080 (http)
2026-03-25T11:29:30.399-05:00  INFO 86386 --- [restartedMain] o.apache.catalina.core.StandardService   : Starting service [Tomcat]
2026-03-25T11:29:30.400-05:00  INFO 86386 --- [restartedMain] o.apache.catalina.core.StandardEngine    : Starting Servlet engine: [Apache Tomcat/11.0.18]
2026-03-25T11:29:30.442-05:00  INFO 86386 --- [restartedMain] b.w.c.s.WebApplicationContextInitializer : Root WebApplicationContext: initialization completed in 954 ms
2026-03-25T11:29:30.959-05:00  INFO 86386 --- [restartedMain] o.s.boot.tomcat.TomcatWebServer          : Tomcat started on port 8080 (http) with context path '/'
2026-03-25T11:29:30.970-05:00  INFO 86386 --- [restartedMain] c.z.o.OrderProcessingApplication         : Started OrderProcessingApplication in 2.206 seconds (process running for 2.733)
2026-03-25T11:29:30.998-05:00  INFO 86386 --- [restartedMain] com.zain.ordersystem.OrderProcessor      : Order 1 completed successfuly
2026-03-25T11:31:29.610-05:00  INFO 86386 --- [File Watcher] rtingClassPathChangeChangedEventListener : Restarting due to 1 class path change (0 additions, 0 deletions, 1 modification)
2026-03-25T11:31:29.624-05:00  INFO 86386 --- [Thread-1] o.s.boot.tomcat.GracefulShutdown         : Commencing graceful shutdown. Waiting for active requests to complete
2026-03-25T11:31:29.653-05:00  INFO 86386 --- [tomcat-shutdown] o.s.boot.tomcat.GracefulShutdown         : Graceful shutdown complete
2026-03-25T11:31:29.744-05:00  INFO 86386 --- [restartedMain] c.z.o.OrderProcessingApplication         : Starting OrderProcessingApplication using Java 21.0.10 with PID 86386 (/Users/zainmorshed/Desktop/GhostDrive/order-processing/target/classes started by zainmorshed in /Users/zainmorshed/Desktop/GhostDrive/order-processing)
2026-03-25T11:31:29.744-05:00 DEBUG 86386 --- [restartedMain] c.z.o.OrderProcessingApplication         : Running with Spring Boot v4.0.4, Spring v7.0.6
2026-03-25T11:31:29.744-05:00  INFO 86386 --- [restartedMain] c.z.o.OrderProcessingApplication         : No active profile set, falling back to 1 default profile: "default"
2026-03-25T11:31:29.931-05:00  INFO 86386 --- [restartedMain] o.s.boot.tomcat.TomcatWebServer          : Tomcat initialized with port 8080 (http)
2026-03-25T11:31:29.932-05:00  INFO 86386 --- [restartedMain] o.apache.catalina.core.StandardService   : Starting service [Tomcat]
2026-03-25T11:31:29.932-05:00  INFO 86386 --- [restartedMain] o.apache.catalina.core.StandardEngine    : Starting Servlet engine: [Apache Tomcat/11.0.18]
2026-03-25T11:31:29.943-05:00  INFO 86386 --- [restartedMain] b.w.c.s.WebApplicationContextInitializer : Root WebApplicationContext: initialization completed in 195 ms
2026-03-25T11:31:30.029-05:00  INFO 86386 --- [restartedMain] o.s.boot.tomcat.TomcatWebServer          : Tomcat started on port 8080 (http) with context path '/'
2026-03-25T11:31:30.031-05:00  INFO 86386 --- [restartedMain] c.z.o.OrderProcessingApplication         : Started OrderProcessingApplication in 0.322 seconds (process running for 121.7)
2026-03-25T11:31:30.035-05:00  INFO 86386 --- [restartedMain] com.zain.ordersystem.OrderProcessor      : Order 1 completed successfuly
2026-03-25T11:31:30.037-05:00  INFO 86386 --- [restartedMain] .ConditionEvaluationDeltaLoggingListener : Condition evaluation unchanged
2026-03-25T11:31:35.303-05:00  INFO 86386 --- [http-nio-8080-exec-1] o.a.c.c.C.[Tomcat].[localhost].[/]       : Initializing Spring DispatcherServlet 'dispatcherServlet'
2026-03-25T11:31:35.305-05:00  INFO 86386 --- [http-nio-8080-exec-1] o.s.web.servlet.DispatcherServlet        : Initializing Servlet 'dispatcherServlet'
2026-03-25T11:31:35.307-05:00  INFO 86386 --- [http-nio-8080-exec-1] o.s.web.servlet.DispatcherServlet        : Completed initialization in 2 ms
2026-03-25T11:31:35.505-05:00  INFO 86386 --- [http-nio-8080-exec-1] com.zain.ordersystem.OrderProcessor      : Order 1 completed successfuly
2026-03-25T11:34:05.674-05:00  INFO 86386 --- [SpringApplicationShutdownHook] o.s.boot.tomcat.GracefulShutdown         : Commencing graceful shutdown. Waiting for active requests to complete
2026-03-25T11:34:05.685-05:00  INFO 86386 --- [tomcat-shutdown] o.s.boot.tomcat.GracefulShutdown         : Graceful shutdown complete
2026-03-25T12:05:36.361-05:00  INFO 93043 --- [restartedMain] c.z.o.OrderProcessingApplication         : Starting OrderProcessingApplication using Java 21.0.10 with PID 93043 (/Users/zainmorshed/Desktop/GhostDrive/order-processing/target/classes started by zainmorshed in /Users/zainmorshed/Desktop/GhostDrive/order-processing)
2026-03-25T12:05:36.364-05:00 DEBUG 93043 --- [restartedMain] c.z.o.OrderProcessingApplication         : Running with Spring Boot v4.0.4, Spring v7.0.6
2026-03-25T12:05:36.365-05:00  INFO 93043 --- [restartedMain] c.z.o.OrderProcessingApplication         : No active profile set, falling back to 1 default profile: "default"
2026-03-25T12:05:36.431-05:00  INFO 93043 --- [restartedMain] .e.DevToolsPropertyDefaultsPostProcessor : Devtools property defaults active! Set 'spring.devtools.add-properties' to 'false' to disable
2026-03-25T12:05:36.431-05:00  INFO 93043 --- [restartedMain] .e.DevToolsPropertyDefaultsPostProcessor : For additional web related logging consider setting the 'logging.level.web' property to 'DEBUG'
2026-03-25T12:05:37.269-05:00  INFO 93043 --- [restartedMain] o.s.boot.tomcat.TomcatWebServer          : Tomcat initialized with port 8080 (http)
2026-03-25T12:05:37.286-05:00  INFO 93043 --- [restartedMain] o.apache.catalina.core.StandardService   : Starting service [Tomcat]
2026-03-25T12:05:37.286-05:00  INFO 93043 --- [restartedMain] o.apache.catalina.core.StandardEngine    : Starting Servlet engine: [Apache Tomcat/11.0.18]
2026-03-25T12:05:37.328-05:00  INFO 93043 --- [restartedMain] b.w.c.s.WebApplicationContextInitializer : Root WebApplicationContext: initialization completed in 896 ms
2026-03-25T12:05:37.715-05:00  INFO 93043 --- [restartedMain] o.s.boot.tomcat.TomcatWebServer          : Tomcat started on port 8080 (http) with context path '/'
2026-03-25T12:05:37.721-05:00  INFO 93043 --- [restartedMain] c.z.o.OrderProcessingApplication         : Started OrderProcessingApplication in 1.931 seconds (process running for 2.571)
2026-03-25T12:05:37.728-05:00  INFO 93043 --- [restartedMain] com.zain.ordersystem.OrderProcessor      : Order 1 completed successfuly
2026-03-25T12:05:42.469-05:00  INFO 93043 --- [http-nio-8080-exec-1] o.a.c.c.C.[Tomcat].[localhost].[/]       : Initializing Spring DispatcherServlet 'dispatcherServlet'
2026-03-25T12:05:42.470-05:00  INFO 93043 --- [http-nio-8080-exec-1] o.s.web.servlet.DispatcherServlet        : Initializing Servlet 'dispatcherServlet'
2026-03-25T12:05:42.472-05:00  INFO 93043 --- [http-nio-8080-exec-1] o.s.web.servlet.DispatcherServlet        : Completed initialization in 1 ms
2026-03-25T12:05:42.666-05:00  INFO 93043 --- [http-nio-8080-exec-1] c.z.o.controller.OrderController         : Received order request: 1
2026-03-25T12:05:42.666-05:00  INFO 93043 --- [http-nio-8080-exec-1] com.zain.ordersystem.OrderProcessor      : Order 1 completed successfuly
2026-03-25T12:05:42.666-05:00  INFO 93043 --- [http-nio-8080-exec-1] c.z.o.controller.OrderController         : Finished processing order: 1
2026-03-25T12:11:47.779-05:00  INFO 93043 --- [File Watcher] rtingClassPathChangeChangedEventListener : Restarting due to 1 class path change (0 additions, 0 deletions, 1 modification)
2026-03-25T12:11:47.810-05:00  INFO 93043 --- [Thread-1] o.s.boot.tomcat.GracefulShutdown         : Commencing graceful shutdown. Waiting for active requests to complete
2026-03-25T12:11:47.845-05:00  INFO 93043 --- [tomcat-shutdown] o.s.boot.tomcat.GracefulShutdown         : Graceful shutdown complete
2026-03-25T12:11:47.979-05:00  INFO 93043 --- [restartedMain] c.z.o.OrderProcessingApplication         : Starting OrderProcessingApplication using Java 21.0.10 with PID 93043 (/Users/zainmorshed/Desktop/GhostDrive/order-processing/target/classes started by zainmorshed in /Users/zainmorshed/Desktop/GhostDrive/order-processing)
2026-03-25T12:11:47.980-05:00 DEBUG 93043 --- [restartedMain] c.z.o.OrderProcessingApplication         : Running with Spring Boot v4.0.4, Spring v7.0.6
2026-03-25T12:11:47.980-05:00  INFO 93043 --- [restartedMain] c.z.o.OrderProcessingApplication         : No active profile set, falling back to 1 default profile: "default"
2026-03-25T12:11:48.176-05:00  INFO 93043 --- [restartedMain] o.s.boot.tomcat.TomcatWebServer          : Tomcat initialized with port 8080 (http)
2026-03-25T12:11:48.177-05:00  INFO 93043 --- [restartedMain] o.apache.catalina.core.StandardService   : Starting service [Tomcat]
2026-03-25T12:11:48.178-05:00  INFO 93043 --- [restartedMain] o.apache.catalina.core.StandardEngine    : Starting Servlet engine: [Apache Tomcat/11.0.18]
2026-03-25T12:11:48.193-05:00  INFO 93043 --- [restartedMain] b.w.c.s.WebApplicationContextInitializer : Root WebApplicationContext: initialization completed in 208 ms
2026-03-25T12:11:48.290-05:00  INFO 93043 --- [restartedMain] o.s.boot.tomcat.TomcatWebServer          : Tomcat started on port 8080 (http) with context path '/'
2026-03-25T12:11:48.292-05:00  INFO 93043 --- [restartedMain] c.z.o.OrderProcessingApplication         : Started OrderProcessingApplication in 0.362 seconds (process running for 373.142)
2026-03-25T12:11:48.296-05:00  INFO 93043 --- [restartedMain] com.zain.ordersystem.OrderProcessor      : Order 1 completed successfuly! Thanks Zain Morshed !
2026-03-25T12:11:48.297-05:00  INFO 93043 --- [restartedMain] .ConditionEvaluationDeltaLoggingListener : Condition evaluation unchanged
2026-03-25T12:11:52.396-05:00  INFO 93043 --- [http-nio-8080-exec-1] o.a.c.c.C.[Tomcat].[localhost].[/]       : Initializing Spring DispatcherServlet 'dispatcherServlet'
2026-03-25T12:11:52.396-05:00  INFO 93043 --- [http-nio-8080-exec-1] o.s.web.servlet.DispatcherServlet        : Initializing Servlet 'dispatcherServlet'
2026-03-25T12:11:52.398-05:00  INFO 93043 --- [http-nio-8080-exec-1] o.s.web.servlet.DispatcherServlet        : Completed initialization in 2 ms
2026-03-25T12:11:52.417-05:00  INFO 93043 --- [http-nio-8080-exec-1] c.z.o.controller.OrderController         : Received order request: 1
2026-03-25T12:11:52.418-05:00  INFO 93043 --- [http-nio-8080-exec-1] com.zain.ordersystem.OrderProcessor      : Order 1 completed successfuly! Thanks Zain Morshed !
2026-03-25T12:11:52.418-05:00  INFO 93043 --- [http-nio-8080-exec-1] c.z.o.controller.OrderController         : Finished processing order: 1
2026-03-25T12:12:14.962-05:00  INFO 93043 --- [File Watcher] rtingClassPathChangeChangedEventListener : Restarting due to 1 class path change (0 additions, 0 deletions, 1 modification)
2026-03-25T12:12:14.964-05:00  INFO 93043 --- [Thread-5] o.s.boot.tomcat.GracefulShutdown         : Commencing graceful shutdown. Waiting for active requests to complete
2026-03-25T12:12:14.971-05:00  INFO 93043 --- [tomcat-shutdown] o.s.boot.tomcat.GracefulShutdown         : Graceful shutdown complete
2026-03-25T12:12:15.043-05:00  INFO 93043 --- [restartedMain] c.z.o.OrderProcessingApplication         : Starting OrderProcessingApplication using Java 21.0.10 with PID 93043 (/Users/zainmorshed/Desktop/GhostDrive/order-processing/target/classes started by zainmorshed in /Users/zainmorshed/Desktop/GhostDrive/order-processing)
2026-03-25T12:12:15.043-05:00 DEBUG 93043 --- [restartedMain] c.z.o.OrderProcessingApplication         : Running with Spring Boot v4.0.4, Spring v7.0.6
2026-03-25T12:12:15.044-05:00  INFO 93043 --- [restartedMain] c.z.o.OrderProcessingApplication         : No active profile set, falling back to 1 default profile: "default"
2026-03-25T12:12:15.190-05:00  INFO 93043 --- [restartedMain] o.s.boot.tomcat.TomcatWebServer          : Tomcat initialized with port 8080 (http)
2026-03-25T12:12:15.191-05:00  INFO 93043 --- [restartedMain] o.apache.catalina.core.StandardService   : Starting service [Tomcat]
2026-03-25T12:12:15.191-05:00  INFO 93043 --- [restartedMain] o.apache.catalina.core.StandardEngine    : Starting Servlet engine: [Apache Tomcat/11.0.18]
2026-03-25T12:12:15.198-05:00  INFO 93043 --- [restartedMain] b.w.c.s.WebApplicationContextInitializer : Root WebApplicationContext: initialization completed in 152 ms
2026-03-25T12:12:15.255-05:00  INFO 93043 --- [restartedMain] o.s.boot.tomcat.TomcatWebServer          : Tomcat started on port 8080 (http) with context path '/'
2026-03-25T12:12:15.257-05:00  INFO 93043 --- [restartedMain] c.z.o.OrderProcessingApplication         : Started OrderProcessingApplication in 0.236 seconds (process running for 400.106)
2026-03-25T12:12:15.259-05:00  INFO 93043 --- [restartedMain] com.zain.ordersystem.OrderProcessor      : Order 1 completed successfuly! Thanks Zain Morshed!
2026-03-25T12:12:15.260-05:00  INFO 93043 --- [restartedMain] .ConditionEvaluationDeltaLoggingListener : Condition evaluation unchanged
2026-03-25T12:13:12.263-05:00  INFO 93043 --- [File Watcher] rtingClassPathChangeChangedEventListener : Restarting due to 1 class path change (0 additions, 0 deletions, 1 modification)
2026-03-25T12:13:12.264-05:00  INFO 93043 --- [Thread-9] o.s.boot.tomcat.GracefulShutdown         : Commencing graceful shutdown. Waiting for active requests to complete
2026-03-25T12:13:12.267-05:00  INFO 93043 --- [tomcat-shutdown] o.s.boot.tomcat.GracefulShutdown         : Graceful shutdown complete
2026-03-25T12:13:12.328-05:00  INFO 93043 --- [restartedMain] c.z.o.OrderProcessingApplication         : Starting OrderProcessingApplication using Java 21.0.10 with PID 93043 (/Users/zainmorshed/Desktop/GhostDrive/order-processing/target/classes started by zainmorshed in /Users/zainmorshed/Desktop/GhostDrive/order-processing)
2026-03-25T12:13:12.328-05:00 DEBUG 93043 --- [restartedMain] c.z.o.OrderProcessingApplication         : Running with Spring Boot v4.0.4, Spring v7.0.6
2026-03-25T12:13:12.329-05:00  INFO 93043 --- [restartedMain] c.z.o.OrderProcessingApplication         : No active profile set, falling back to 1 default profile: "default"
2026-03-25T12:13:12.481-05:00  INFO 93043 --- [restartedMain] o.s.boot.tomcat.TomcatWebServer          : Tomcat initialized with port 8080 (http)
2026-03-25T12:13:12.482-05:00  INFO 93043 --- [restartedMain] o.apache.catalina.core.StandardService   : Starting service [Tomcat]
2026-03-25T12:13:12.483-05:00  INFO 93043 --- [restartedMain] o.apache.catalina.core.StandardEngine    : Starting Servlet engine: [Apache Tomcat/11.0.18]
2026-03-25T12:13:12.505-05:00  INFO 93043 --- [restartedMain] b.w.c.s.WebApplicationContextInitializer : Root WebApplicationContext: initialization completed in 175 ms
2026-03-25T12:13:12.568-05:00  INFO 93043 --- [restartedMain] o.s.boot.tomcat.TomcatWebServer          : Tomcat started on port 8080 (http) with context path '/'
2026-03-25T12:13:12.569-05:00  INFO 93043 --- [restartedMain] c.z.o.OrderProcessingApplication         : Started OrderProcessingApplication in 0.26 seconds (process running for 457.419)
2026-03-25T12:13:12.572-05:00  INFO 93043 --- [restartedMain] com.zain.ordersystem.OrderProcessor      : Order 1 completed successfuly!
2026-03-25T12:13:12.573-05:00  INFO 93043 --- [restartedMain] .ConditionEvaluationDeltaLoggingListener : Condition evaluation unchanged
2026-03-25T12:13:13.977-05:00  INFO 93043 --- [File Watcher] rtingClassPathChangeChangedEventListener : Restarting due to 1 class path change (0 additions, 0 deletions, 1 modification)
2026-03-25T12:13:13.979-05:00  INFO 93043 --- [Thread-13] o.s.boot.tomcat.GracefulShutdown         : Commencing graceful shutdown. Waiting for active requests to complete
2026-03-25T12:13:13.983-05:00  INFO 93043 --- [tomcat-shutdown] o.s.boot.tomcat.GracefulShutdown         : Graceful shutdown complete
2026-03-25T12:13:14.049-05:00  INFO 93043 --- [restartedMain] c.z.o.OrderProcessingApplication         : Starting OrderProcessingApplication using Java 21.0.10 with PID 93043 (/Users/zainmorshed/Desktop/GhostDrive/order-processing/target/classes started by zainmorshed in /Users/zainmorshed/Desktop/GhostDrive/order-processing)
2026-03-25T12:13:14.049-05:00 DEBUG 93043 --- [restartedMain] c.z.o.OrderProcessingApplication         : Running with Spring Boot v4.0.4, Spring v7.0.6
2026-03-25T12:13:14.049-05:00  INFO 93043 --- [restartedMain] c.z.o.OrderProcessingApplication         : No active profile set, falling back to 1 default profile: "default"
2026-03-25T12:13:14.153-05:00  INFO 93043 --- [restartedMain] o.s.boot.tomcat.TomcatWebServer          : Tomcat initialized with port 8080 (http)
2026-03-25T12:13:14.154-05:00  INFO 93043 --- [restartedMain] o.apache.catalina.core.StandardService   : Starting service [Tomcat]
2026-03-25T12:13:14.154-05:00  INFO 93043 --- [restartedMain] o.apache.catalina.core.StandardEngine    : Starting Servlet engine: [Apache Tomcat/11.0.18]
2026-03-25T12:13:14.162-05:00  INFO 93043 --- [restartedMain] b.w.c.s.WebApplicationContextInitializer : Root WebApplicationContext: initialization completed in 111 ms
2026-03-25T12:13:14.209-05:00  INFO 93043 --- [restartedMain] o.s.boot.tomcat.TomcatWebServer          : Tomcat started on port 8080 (http) with context path '/'
2026-03-25T12:13:14.211-05:00  INFO 93043 --- [restartedMain] c.z.o.OrderProcessingApplication         : Started OrderProcessingApplication in 0.183 seconds (process running for 459.06)
2026-03-25T12:13:14.213-05:00  INFO 93043 --- [restartedMain] com.zain.ordersystem.OrderProcessor      : Order 1 completed successfuly!
2026-03-25T12:13:14.214-05:00  INFO 93043 --- [restartedMain] .ConditionEvaluationDeltaLoggingListener : Condition evaluation unchanged
2026-03-25T12:13:20.295-05:00  INFO 98081 --- [restartedMain] c.z.o.OrderProcessingApplication         : Starting OrderProcessingApplication using Java 21.0.10 with PID 98081 (/Users/zainmorshed/Desktop/GhostDrive/order-processing/target/classes started by zainmorshed in /Users/zainmorshed/Desktop/GhostDrive/order-processing)
2026-03-25T12:13:20.298-05:00 DEBUG 98081 --- [restartedMain] c.z.o.OrderProcessingApplication         : Running with Spring Boot v4.0.4, Spring v7.0.6
2026-03-25T12:13:20.300-05:00  INFO 98081 --- [restartedMain] c.z.o.OrderProcessingApplication         : No active profile set, falling back to 1 default profile: "default"
2026-03-25T12:13:20.490-05:00  INFO 98081 --- [restartedMain] .e.DevToolsPropertyDefaultsPostProcessor : Devtools property defaults active! Set 'spring.devtools.add-properties' to 'false' to disable
2026-03-25T12:13:20.491-05:00  INFO 98081 --- [restartedMain] .e.DevToolsPropertyDefaultsPostProcessor : For additional web related logging consider setting the 'logging.level.web' property to 'DEBUG'
2026-03-25T12:13:22.071-05:00  INFO 98081 --- [restartedMain] o.s.boot.tomcat.TomcatWebServer          : Tomcat initialized with port 8080 (http)
2026-03-25T12:13:22.226-05:00  INFO 98081 --- [restartedMain] b.w.c.s.WebApplicationContextInitializer : Root WebApplicationContext: initialization completed in 1735 ms
2026-03-25T12:13:22.914-05:00  WARN 98081 --- [restartedMain] ConfigServletWebServerApplicationContext : Exception encountered during context initialization - cancelling refresh attempt: org.springframework.context.ApplicationContextException: Failed to start bean 'webServerStartStop'
2026-03-25T12:13:24.197-05:00  INFO 98476 --- [restartedMain] c.z.o.OrderProcessingApplication         : Starting OrderProcessingApplication using Java 21.0.10 with PID 98476 (/Users/zainmorshed/Desktop/GhostDrive/order-processing/target/classes started by zainmorshed in /Users/zainmorshed/Desktop/GhostDrive/order-processing)
2026-03-25T12:13:24.200-05:00 DEBUG 98476 --- [restartedMain] c.z.o.OrderProcessingApplication         : Running with Spring Boot v4.0.4, Spring v7.0.6
2026-03-25T12:13:24.201-05:00  INFO 98476 --- [restartedMain] c.z.o.OrderProcessingApplication         : No active profile set, falling back to 1 default profile: "default"
2026-03-25T12:13:24.320-05:00  INFO 98476 --- [restartedMain] .e.DevToolsPropertyDefaultsPostProcessor : Devtools property defaults active! Set 'spring.devtools.add-properties' to 'false' to disable
2026-03-25T12:13:24.321-05:00  INFO 98476 --- [restartedMain] .e.DevToolsPropertyDefaultsPostProcessor : For additional web related logging consider setting the 'logging.level.web' property to 'DEBUG'
2026-03-25T12:13:25.589-05:00  INFO 98476 --- [restartedMain] o.s.boot.tomcat.TomcatWebServer          : Tomcat initialized with port 8080 (http)
2026-03-25T12:13:25.605-05:00  INFO 98476 --- [restartedMain] o.apache.catalina.core.StandardService   : Starting service [Tomcat]
2026-03-25T12:13:25.605-05:00  INFO 98476 --- [restartedMain] o.apache.catalina.core.StandardEngine    : Starting Servlet engine: [Apache Tomcat/11.0.18]
2026-03-25T12:13:25.671-05:00  INFO 98476 --- [restartedMain] b.w.c.s.WebApplicationContextInitializer : Root WebApplicationContext: initialization completed in 1350 ms
2026-03-25T12:13:26.053-05:00  WARN 98476 --- [restartedMain] ConfigServletWebServerApplicationContext : Exception encountered during context initialization - cancelling refresh attempt: org.springframework.context.ApplicationContextException: Failed to start bean 'webServerStartStop'
2026-03-25T12:13:26.064-05:00  INFO 98476 --- [restartedMain] .s.b.a.l.ConditionEvaluationReportLogger : 

Error starting ApplicationContext. To display the condition evaluation report re-run your application with 'debug' enabled.
2026-03-25T12:13:26.084-05:00 ERROR 98476 --- [restartedMain] o.s.b.d.LoggingFailureAnalysisReporter   : 

***************************
APPLICATION FAILED TO START
***************************

Description:

Web server failed to start. Port 8080 was already in use.

Action:

Identify and stop the process that's listening on port 8080 or configure this application to listen on another port.

2026-03-25T12:13:38.554-05:00  INFO 98906 --- [restartedMain] c.z.o.OrderProcessingApplication         : Starting OrderProcessingApplication using Java 21.0.10 with PID 98906 (/Users/zainmorshed/Desktop/GhostDrive/order-processing/target/classes started by zainmorshed in /Users/zainmorshed/Desktop/GhostDrive/order-processing)
2026-03-25T12:13:38.557-05:00 DEBUG 98906 --- [restartedMain] c.z.o.OrderProcessingApplication         : Running with Spring Boot v4.0.4, Spring v7.0.6
2026-03-25T12:13:38.557-05:00  INFO 98906 --- [restartedMain] c.z.o.OrderProcessingApplication         : No active profile set, falling back to 1 default profile: "default"
2026-03-25T12:13:38.608-05:00  INFO 98906 --- [restartedMain] .e.DevToolsPropertyDefaultsPostProcessor : Devtools property defaults active! Set 'spring.devtools.add-properties' to 'false' to disable
2026-03-25T12:13:38.608-05:00  INFO 98906 --- [restartedMain] .e.DevToolsPropertyDefaultsPostProcessor : For additional web related logging consider setting the 'logging.level.web' property to 'DEBUG'
2026-03-25T12:13:39.268-05:00  INFO 98906 --- [restartedMain] o.s.boot.tomcat.TomcatWebServer          : Tomcat initialized with port 8080 (http)
2026-03-25T12:13:39.282-05:00  INFO 98906 --- [restartedMain] o.apache.catalina.core.StandardService   : Starting service [Tomcat]
2026-03-25T12:13:39.283-05:00  INFO 98906 --- [restartedMain] o.apache.catalina.core.StandardEngine    : Starting Servlet engine: [Apache Tomcat/11.0.18]
2026-03-25T12:13:39.314-05:00  INFO 98906 --- [restartedMain] b.w.c.s.WebApplicationContextInitializer : Root WebApplicationContext: initialization completed in 705 ms
2026-03-25T12:13:39.624-05:00  WARN 98906 --- [restartedMain] ConfigServletWebServerApplicationContext : Exception encountered during context initialization - cancelling refresh attempt: org.springframework.context.ApplicationContextException: Failed to start bean 'webServerStartStop'
2026-03-25T12:13:39.634-05:00  INFO 98906 --- [restartedMain] .s.b.a.l.ConditionEvaluationReportLogger : 

Error starting ApplicationContext. To display the condition evaluation report re-run your application with 'debug' enabled.
2026-03-25T12:13:39.648-05:00 ERROR 98906 --- [restartedMain] o.s.b.d.LoggingFailureAnalysisReporter   : 

***************************
APPLICATION FAILED TO START
***************************

Description:

Web server failed to start. Port 8080 was already in use.

Action:

Identify and stop the process that's listening on port 8080 or configure this application to listen on another port.

2026-03-25T12:13:43.847-05:00  INFO 93043 --- [SpringApplicationShutdownHook] o.s.boot.tomcat.GracefulShutdown         : Commencing graceful shutdown. Waiting for active requests to complete
2026-03-25T12:13:43.854-05:00  INFO 93043 --- [tomcat-shutdown] o.s.boot.tomcat.GracefulShutdown         : Graceful shutdown complete
2026-03-25T12:13:46.511-05:00  INFO 99361 --- [restartedMain] c.z.o.OrderProcessingApplication         : Starting OrderProcessingApplication using Java 21.0.10 with PID 99361 (/Users/zainmorshed/Desktop/GhostDrive/order-processing/target/classes started by zainmorshed in /Users/zainmorshed/Desktop/GhostDrive/order-processing)
2026-03-25T12:13:46.513-05:00 DEBUG 99361 --- [restartedMain] c.z.o.OrderProcessingApplication         : Running with Spring Boot v4.0.4, Spring v7.0.6
2026-03-25T12:13:46.514-05:00  INFO 99361 --- [restartedMain] c.z.o.OrderProcessingApplication         : No active profile set, falling back to 1 default profile: "default"
2026-03-25T12:13:46.561-05:00  INFO 99361 --- [restartedMain] .e.DevToolsPropertyDefaultsPostProcessor : Devtools property defaults active! Set 'spring.devtools.add-properties' to 'false' to disable
2026-03-25T12:13:46.562-05:00  INFO 99361 --- [restartedMain] .e.DevToolsPropertyDefaultsPostProcessor : For additional web related logging consider setting the 'logging.level.web' property to 'DEBUG'
2026-03-25T12:13:47.203-05:00  INFO 99361 --- [restartedMain] o.s.boot.tomcat.TomcatWebServer          : Tomcat initialized with port 8080 (http)
2026-03-25T12:13:47.215-05:00  INFO 99361 --- [restartedMain] o.apache.catalina.core.StandardService   : Starting service [Tomcat]
2026-03-25T12:13:47.216-05:00  INFO 99361 --- [restartedMain] o.apache.catalina.core.StandardEngine    : Starting Servlet engine: [Apache Tomcat/11.0.18]
2026-03-25T12:13:47.243-05:00  INFO 99361 --- [restartedMain] b.w.c.s.WebApplicationContextInitializer : Root WebApplicationContext: initialization completed in 681 ms
2026-03-25T12:13:47.601-05:00  INFO 99361 --- [restartedMain] o.s.boot.tomcat.TomcatWebServer          : Tomcat started on port 8080 (http) with context path '/'
2026-03-25T12:13:47.606-05:00  INFO 99361 --- [restartedMain] c.z.o.OrderProcessingApplication         : Started OrderProcessingApplication in 1.534 seconds (process running for 1.963)
2026-03-25T12:13:47.614-05:00  INFO 99361 --- [restartedMain] com.zain.ordersystem.OrderProcessor      : Order 1 completed successfuly!
2026-03-25T12:13:50.706-05:00  INFO 99361 --- [http-nio-8080-exec-1] o.a.c.c.C.[Tomcat].[localhost].[/]       : Initializing Spring DispatcherServlet 'dispatcherServlet'
2026-03-25T12:13:50.707-05:00  INFO 99361 --- [http-nio-8080-exec-1] o.s.web.servlet.DispatcherServlet        : Initializing Servlet 'dispatcherServlet'
2026-03-25T12:13:50.709-05:00  INFO 99361 --- [http-nio-8080-exec-1] o.s.web.servlet.DispatcherServlet        : Completed initialization in 1 ms
2026-03-25T12:13:50.874-05:00  INFO 99361 --- [http-nio-8080-exec-1] c.z.o.controller.OrderController         : Received order request: 1
2026-03-25T12:13:50.874-05:00  INFO 99361 --- [http-nio-8080-exec-1] com.zain.ordersystem.OrderProcessor      : Order 1 completed successfuly!
2026-03-25T12:13:50.875-05:00  INFO 99361 --- [http-nio-8080-exec-1] c.z.o.controller.OrderController         : Finished processing order: 1
2026-03-25T12:14:01.160-05:00  INFO 99361 --- [SpringApplicationShutdownHook] o.s.boot.tomcat.GracefulShutdown         : Commencing graceful shutdown. Waiting for active requests to complete
2026-03-25T12:14:01.179-05:00  INFO 99361 --- [tomcat-shutdown] o.s.boot.tomcat.GracefulShutdown         : Graceful shutdown complete
2026-03-25T16:09:52.464-05:00  INFO 37035 --- [restartedMain] c.z.o.OrderProcessingApplication         : Starting OrderProcessingApplication using Java 21.0.10 with PID 37035 (/Users/zainmorshed/Desktop/GhostDrive/order-processing/target/classes started by zainmorshed in /Users/zainmorshed/Desktop/GhostDrive/order-processing)
2026-03-25T16:09:52.464-05:00 DEBUG 37035 --- [restartedMain] c.z.o.OrderProcessingApplication         : Running with Spring Boot v4.0.4, Spring v7.0.6
2026-03-25T16:09:52.465-05:00  INFO 37035 --- [restartedMain] c.z.o.OrderProcessingApplication         : No active profile set, falling back to 1 default profile: "default"
2026-03-25T16:09:52.685-05:00  INFO 37035 --- [restartedMain] o.s.boot.tomcat.TomcatWebServer          : Tomcat initialized with port 8080 (http)
2026-03-25T16:09:52.686-05:00  INFO 37035 --- [restartedMain] o.apache.catalina.core.StandardService   : Starting service [Tomcat]
2026-03-25T16:09:52.687-05:00  INFO 37035 --- [restartedMain] o.apache.catalina.core.StandardEngine    : Starting Servlet engine: [Apache Tomcat/11.0.18]
2026-03-25T16:09:52.701-05:00  INFO 37035 --- [restartedMain] b.w.c.s.WebApplicationContextInitializer : Root WebApplicationContext: initialization completed in 230 ms
2026-03-25T16:09:52.807-05:00  INFO 37035 --- [restartedMain] o.s.boot.tomcat.TomcatWebServer          : Tomcat started on port 8080 (http) with context path '/'
2026-03-25T16:09:52.810-05:00  INFO 37035 --- [restartedMain] c.z.o.OrderProcessingApplication         : Started OrderProcessingApplication in 0.394 seconds (process running for 224.684)
2026-03-25T16:09:52.815-05:00  INFO 37035 --- [restartedMain] com.zain.ordersystem.OrderProcessor      : Order 1 completed successfuly!
2026-03-25T16:09:52.817-05:00  INFO 37035 --- [restartedMain] .ConditionEvaluationDeltaLoggingListener : Condition evaluation unchanged
